2014/05/11 07:06:11 [error] [exception.CHttpException.404] exception 'CHttpException' with message 'Unable to resolve the request "css/register.css".' in /var/www/u3app/vendor/yiisoft/yii/framework/web/CWebApplication.php:289
Stack trace:
#0 /var/www/u3app/vendor/yiisoft/yii/framework/web/CWebApplication.php(144): CWebApplication->runController('css/register.cs...')
#1 /var/www/u3app/vendor/yiisoft/yii/framework/base/CApplication.php(184): CWebApplication->processRequest()
#2 /var/www/u3app/web/index.php(25): CApplication->run()
#3 {main}
REQUEST_URI=/css/register.css
HTTP_REFERER=http://u3app.com/user/registration
---
2014/05/11 07:06:16 [error] [exception.CException] exception 'CException' with message 'Property "EmailMessage.sentTime" is not defined.' in /var/www/u3app/vendor/yiisoft/yii/framework/base/CComponent.php:173
Stack trace:
#0 /var/www/u3app/vendor/yiisoft/yii/framework/db/ar/CActiveRecord.php(161): CComponent->__set('sentTime', '2014-05-11 07:0...')
#1 /var/www/u3app/vendor/nordsoftware/yii-emailer/components/Emailer.php(208): CActiveRecord->__set('sentTime', '2014-05-11 07:0...')
#2 /var/www/u3app/vendor/mishamx/yii-user/controllers/RecoveryController.php(58): Emailer->send(Object(EmailMessage))
#3 /var/www/u3app/vendor/yiisoft/yii/framework/web/actions/CInlineAction.php(49): RecoveryController->actionRecovery()
#4 /var/www/u3app/vendor/yiisoft/yii/framework/web/CController.php(308): CInlineAction->runWithParams(Array)
#5 /var/www/u3app/vendor/yiisoft/yii/framework/web/CController.php(286): CController->runAction(Object(CInlineAction))
#6 /var/www/u3app/vendor/yiisoft/yii/framework/web/CController.php(265): CController->runActionWithFilters(Object(CInlineAction), Array)
#7 /var/www/u3app/vendor/yiisoft/yii/framework/web/CWebApplication.php(285): CController->run('')
#8 /var/www/u3app/vendor/yiisoft/yii/framework/web/CWebApplication.php(144): CWebApplication->runController('user/recovery')
#9 /var/www/u3app/vendor/yiisoft/yii/framework/base/CApplication.php(184): CWebApplication->processRequest()
#10 /var/www/u3app/web/index.php(25): CApplication->run()
#11 {main}
REQUEST_URI=/user/recovery
HTTP_REFERER=http://u3app.com/user/recovery
---
2014/05/11 07:23:37 [error] [exception.Swift_TransportException] exception 'Swift_TransportException' with message 'Failed to authenticate on SMTP server with username "les_csh@mail.ru" using 2 possible authenticators' in /var/www/u3app/vendor/swiftmailer/swiftmailer/lib/classes/Swift/Transport/Esmtp/AuthHandler.php:184
Stack trace:
#0 /var/www/u3app/vendor/swiftmailer/swiftmailer/lib/classes/Swift/Transport/EsmtpTransport.php(312): Swift_Transport_Esmtp_AuthHandler->afterEhlo(Object(Swift_SmtpTransport))
#1 /var/www/u3app/vendor/swiftmailer/swiftmailer/lib/classes/Swift/Transport/AbstractSmtpTransport.php(120): Swift_Transport_EsmtpTransport->_doHeloCommand()
#2 /var/www/u3app/vendor/swiftmailer/swiftmailer/lib/classes/Swift/Mailer.php(80): Swift_Transport_AbstractSmtpTransport->start()
#3 /var/www/u3app/vendor/nordsoftware/yii-emailer/components/Emailer.php(207): Swift_Mailer->send(Object(Swift_Message), Array)
#4 /var/www/u3app/vendor/mishamx/yii-user/controllers/RecoveryController.php(58): Emailer->send(Object(EmailMessage))
#5 /var/www/u3app/vendor/yiisoft/yii/framework/web/actions/CInlineAction.php(49): RecoveryController->actionRecovery()
#6 /var/www/u3app/vendor/yiisoft/yii/framework/web/CController.php(308): CInlineAction->runWithParams(Array)
#7 /var/www/u3app/vendor/yiisoft/yii/framework/web/CController.php(286): CController->runAction(Object(CInlineAction))
#8 /var/www/u3app/vendor/yiisoft/yii/framework/web/CController.php(265): CController->runActionWithFilters(Object(CInlineAction), Array)
#9 /var/www/u3app/vendor/yiisoft/yii/framework/web/CWebApplication.php(285): CController->run('')
#10 /var/www/u3app/vendor/yiisoft/yii/framework/web/CWebApplication.php(144): CWebApplication->runController('user/recovery')
#11 /var/www/u3app/vendor/yiisoft/yii/framework/base/CApplication.php(184): CWebApplication->processRequest()
#12 /var/www/u3app/web/index.php(25): CApplication->run()
#13 {main}
REQUEST_URI=/user/recovery
HTTP_REFERER=http://u3app.com/user/recovery
---
2014/05/11 07:23:52 [error] [exception.Swift_TransportException] exception 'Swift_TransportException' with message 'Failed to authenticate on SMTP server with username "les_csh@mail.ru" using 2 possible authenticators' in /var/www/u3app/vendor/swiftmailer/swiftmailer/lib/classes/Swift/Transport/Esmtp/AuthHandler.php:184
Stack trace:
#0 /var/www/u3app/vendor/swiftmailer/swiftmailer/lib/classes/Swift/Transport/EsmtpTransport.php(312): Swift_Transport_Esmtp_AuthHandler->afterEhlo(Object(Swift_SmtpTransport))
#1 /var/www/u3app/vendor/swiftmailer/swiftmailer/lib/classes/Swift/Transport/AbstractSmtpTransport.php(120): Swift_Transport_EsmtpTransport->_doHeloCommand()
#2 /var/www/u3app/vendor/swiftmailer/swiftmailer/lib/classes/Swift/Mailer.php(80): Swift_Transport_AbstractSmtpTransport->start()
#3 /var/www/u3app/vendor/nordsoftware/yii-emailer/components/Emailer.php(207): Swift_Mailer->send(Object(Swift_Message), Array)
#4 /var/www/u3app/vendor/mishamx/yii-user/controllers/RecoveryController.php(58): Emailer->send(Object(EmailMessage))
#5 /var/www/u3app/vendor/yiisoft/yii/framework/web/actions/CInlineAction.php(49): RecoveryController->actionRecovery()
#6 /var/www/u3app/vendor/yiisoft/yii/framework/web/CController.php(308): CInlineAction->runWithParams(Array)
#7 /var/www/u3app/vendor/yiisoft/yii/framework/web/CController.php(286): CController->runAction(Object(CInlineAction))
#8 /var/www/u3app/vendor/yiisoft/yii/framework/web/CController.php(265): CController->runActionWithFilters(Object(CInlineAction), Array)
#9 /var/www/u3app/vendor/yiisoft/yii/framework/web/CWebApplication.php(285): CController->run('')
#10 /var/www/u3app/vendor/yiisoft/yii/framework/web/CWebApplication.php(144): CWebApplication->runController('user/recovery')
#11 /var/www/u3app/vendor/yiisoft/yii/framework/base/CApplication.php(184): CWebApplication->processRequest()
#12 /var/www/u3app/web/index.php(25): CApplication->run()
#13 {main}
REQUEST_URI=/user/recovery
HTTP_REFERER=http://u3app.com/user/recovery
---
2014/05/11 07:24:23 [error] [exception.Swift_TransportException] exception 'Swift_TransportException' with message 'Failed to authenticate on SMTP server with username "les_csh@mail.ru" using 2 possible authenticators' in /var/www/u3app/vendor/swiftmailer/swiftmailer/lib/classes/Swift/Transport/Esmtp/AuthHandler.php:184
Stack trace:
#0 /var/www/u3app/vendor/swiftmailer/swiftmailer/lib/classes/Swift/Transport/EsmtpTransport.php(312): Swift_Transport_Esmtp_AuthHandler->afterEhlo(Object(Swift_SmtpTransport))
#1 /var/www/u3app/vendor/swiftmailer/swiftmailer/lib/classes/Swift/Transport/AbstractSmtpTransport.php(120): Swift_Transport_EsmtpTransport->_doHeloCommand()
#2 /var/www/u3app/vendor/swiftmailer/swiftmailer/lib/classes/Swift/Mailer.php(80): Swift_Transport_AbstractSmtpTransport->start()
#3 /var/www/u3app/vendor/nordsoftware/yii-emailer/components/Emailer.php(207): Swift_Mailer->send(Object(Swift_Message), Array)
#4 /var/www/u3app/vendor/mishamx/yii-user/controllers/RecoveryController.php(58): Emailer->send(Object(EmailMessage))
#5 /var/www/u3app/vendor/yiisoft/yii/framework/web/actions/CInlineAction.php(49): RecoveryController->actionRecovery()
#6 /var/www/u3app/vendor/yiisoft/yii/framework/web/CController.php(308): CInlineAction->runWithParams(Array)
#7 /var/www/u3app/vendor/yiisoft/yii/framework/web/CController.php(286): CController->runAction(Object(CInlineAction))
#8 /var/www/u3app/vendor/yiisoft/yii/framework/web/CController.php(265): CController->runActionWithFilters(Object(CInlineAction), Array)
#9 /var/www/u3app/vendor/yiisoft/yii/framework/web/CWebApplication.php(285): CController->run('')
#10 /var/www/u3app/vendor/yiisoft/yii/framework/web/CWebApplication.php(144): CWebApplication->runController('user/recovery')
#11 /var/www/u3app/vendor/yiisoft/yii/framework/base/CApplication.php(184): CWebApplication->processRequest()
#12 /var/www/u3app/web/index.php(25): CApplication->run()
#13 {main}
REQUEST_URI=/user/recovery
HTTP_REFERER=http://u3app.com/user/recovery
---
2014/05/11 07:25:28 [error] [exception.Swift_TransportException] exception 'Swift_TransportException' with message 'Expected response code 250 but got code "550", with message "550 not local sender over smtp
"' in /var/www/u3app/vendor/swiftmailer/swiftmailer/lib/classes/Swift/Transport/AbstractSmtpTransport.php:386
Stack trace:
#0 /var/www/u3app/vendor/swiftmailer/swiftmailer/lib/classes/Swift/Transport/AbstractSmtpTransport.php(281): Swift_Transport_AbstractSmtpTransport->_assertResponseCode('550 not local s...', Array)
#1 /var/www/u3app/vendor/swiftmailer/swiftmailer/lib/classes/Swift/Transport/EsmtpTransport.php(245): Swift_Transport_AbstractSmtpTransport->executeCommand('MAIL FROM: <adm...', Array, Array)
#2 /var/www/u3app/vendor/swiftmailer/swiftmailer/lib/classes/Swift/Transport/EsmtpTransport.php(327): Swift_Transport_EsmtpTransport->executeCommand('MAIL FROM: <adm...', Array)
#3 /var/www/u3app/vendor/swiftmailer/swiftmailer/lib/classes/Swift/Transport/AbstractSmtpTransport.php(416): Swift_Transport_EsmtpTransport->_doMailFromCommand('admin@it-master...')
#4 /var/www/u3app/vendor/swiftmailer/swiftmailer/lib/classes/Swift/Transport/AbstractSmtpTransport.php(444): Swift_Transport_AbstractSmtpTransport->_doMailTransaction(Object(Swift_Message), 'admin@it-master...', Array, Array)
#5 /var/www/u3app/vendor/swiftmailer/swiftmailer/lib/classes/Swift/Transport/AbstractSmtpTransport.php(176): Swift_Transport_AbstractSmtpTransport->_sendTo(Object(Swift_Message), 'admin@it-master...', Array, Array)
#6 /var/www/u3app/vendor/swiftmailer/swiftmailer/lib/classes/Swift/Mailer.php(86): Swift_Transport_AbstractSmtpTransport->send(Object(Swift_Message), Array)
#7 /var/www/u3app/vendor/nordsoftware/yii-emailer/components/Emailer.php(207): Swift_Mailer->send(Object(Swift_Message), Array)
#8 /var/www/u3app/vendor/mishamx/yii-user/controllers/RecoveryController.php(58): Emailer->send(Object(EmailMessage))
#9 /var/www/u3app/vendor/yiisoft/yii/framework/web/actions/CInlineAction.php(49): RecoveryController->actionRecovery()
#10 /var/www/u3app/vendor/yiisoft/yii/framework/web/CController.php(308): CInlineAction->runWithParams(Array)
#11 /var/www/u3app/vendor/yiisoft/yii/framework/web/CController.php(286): CController->runAction(Object(CInlineAction))
#12 /var/www/u3app/vendor/yiisoft/yii/framework/web/CController.php(265): CController->runActionWithFilters(Object(CInlineAction), Array)
#13 /var/www/u3app/vendor/yiisoft/yii/framework/web/CWebApplication.php(285): CController->run('')
#14 /var/www/u3app/vendor/yiisoft/yii/framework/web/CWebApplication.php(144): CWebApplication->runController('user/recovery')
#15 /var/www/u3app/vendor/yiisoft/yii/framework/base/CApplication.php(184): CWebApplication->processRequest()
#16 /var/www/u3app/web/index.php(25): CApplication->run()
#17 {main}
REQUEST_URI=/user/recovery
HTTP_REFERER=http://u3app.com/user/recovery
---
2014/05/11 07:27:06 [error] [exception.Swift_TransportException] exception 'Swift_TransportException' with message 'Connection could not be established with host smtp.mail.ru [Connection timed out #110]' in /var/www/u3app/vendor/swiftmailer/swiftmailer/lib/classes/Swift/Transport/StreamBuffer.php:259
Stack trace:
#0 /var/www/u3app/vendor/swiftmailer/swiftmailer/lib/classes/Swift/Transport/StreamBuffer.php(64): Swift_Transport_StreamBuffer->_establishSocketConnection()
#1 /var/www/u3app/vendor/swiftmailer/swiftmailer/lib/classes/Swift/Transport/AbstractSmtpTransport.php(115): Swift_Transport_StreamBuffer->initialize(Array)
#2 /var/www/u3app/vendor/swiftmailer/swiftmailer/lib/classes/Swift/Mailer.php(80): Swift_Transport_AbstractSmtpTransport->start()
#3 /var/www/u3app/vendor/nordsoftware/yii-emailer/components/Emailer.php(207): Swift_Mailer->send(Object(Swift_Message), Array)
#4 /var/www/u3app/vendor/mishamx/yii-user/controllers/RecoveryController.php(58): Emailer->send(Object(EmailMessage))
#5 /var/www/u3app/vendor/yiisoft/yii/framework/web/actions/CInlineAction.php(49): RecoveryController->actionRecovery()
#6 /var/www/u3app/vendor/yiisoft/yii/framework/web/CController.php(308): CInlineAction->runWithParams(Array)
#7 /var/www/u3app/vendor/yiisoft/yii/framework/web/CController.php(286): CController->runAction(Object(CInlineAction))
#8 /var/www/u3app/vendor/yiisoft/yii/framework/web/CController.php(265): CController->runActionWithFilters(Object(CInlineAction), Array)
#9 /var/www/u3app/vendor/yiisoft/yii/framework/web/CWebApplication.php(285): CController->run('')
#10 /var/www/u3app/vendor/yiisoft/yii/framework/web/CWebApplication.php(144): CWebApplication->runController('user/recovery')
#11 /var/www/u3app/vendor/yiisoft/yii/framework/base/CApplication.php(184): CWebApplication->processRequest()
#12 /var/www/u3app/web/index.php(25): CApplication->run()
#13 {main}
REQUEST_URI=/user/recovery
HTTP_REFERER=http://u3app.com/user/recovery
---
2014/05/11 07:32:56 [error] [php] Trying to get property of non-object (/var/www/u3app/vendor/mishamx/yii-user/components/WebUser.php:51)
Stack trace:
#0 /var/www/u3app/vendor/yiisoft/yii/framework/db/ar/CActiveRecord.php(809): User->update()
#1 /var/www/u3app/vendor/mishamx/yii-user/controllers/RecoveryController.php(29): User->save()
#2 /var/www/u3app/vendor/yiisoft/yii/framework/web/actions/CInlineAction.php(49): RecoveryController->actionRecovery()
#3 /var/www/u3app/vendor/yiisoft/yii/framework/web/CController.php(308): CInlineAction->runWithParams()
#4 /var/www/u3app/vendor/yiisoft/yii/framework/web/CController.php(286): RecoveryController->runAction()
#5 /var/www/u3app/vendor/yiisoft/yii/framework/web/CController.php(265): RecoveryController->runActionWithFilters()
#6 /var/www/u3app/vendor/yiisoft/yii/framework/web/CWebApplication.php(285): RecoveryController->run()
#7 /var/www/u3app/vendor/yiisoft/yii/framework/web/CWebApplication.php(144): CWebApplication->runController()
#8 /var/www/u3app/vendor/yiisoft/yii/framework/base/CApplication.php(184): CWebApplication->processRequest()
#9 /var/www/u3app/web/index.php(25): CWebApplication->run()
REQUEST_URI=/user/recovery?activkey=ee11cbb19052e40b07aac0ca060c23ee&email=admin%40u3soft.com
2014/05/11 07:34:40 [error] [php] Trying to get property of non-object (/var/www/u3app/vendor/mishamx/yii-user/components/WebUser.php:51)
Stack trace:
#0 /var/www/u3app/vendor/yiisoft/yii/framework/db/ar/CActiveRecord.php(809): User->update()
#1 /var/www/u3app/vendor/mishamx/yii-user/controllers/RecoveryController.php(29): User->save()
#2 /var/www/u3app/vendor/yiisoft/yii/framework/web/actions/CInlineAction.php(49): RecoveryController->actionRecovery()
#3 /var/www/u3app/vendor/yiisoft/yii/framework/web/CController.php(308): CInlineAction->runWithParams()
#4 /var/www/u3app/vendor/yiisoft/yii/framework/web/CController.php(286): RecoveryController->runAction()
#5 /var/www/u3app/vendor/yiisoft/yii/framework/web/CController.php(265): RecoveryController->runActionWithFilters()
#6 /var/www/u3app/vendor/yiisoft/yii/framework/web/CWebApplication.php(285): RecoveryController->run()
#7 /var/www/u3app/vendor/yiisoft/yii/framework/web/CWebApplication.php(144): CWebApplication->runController()
#8 /var/www/u3app/vendor/yiisoft/yii/framework/base/CApplication.php(184): CWebApplication->processRequest()
#9 /var/www/u3app/web/index.php(25): CWebApplication->run()
REQUEST_URI=/user/recovery?activkey=49846bd05aa209ef8479023838207419&email=admin%40u3soft.com
2014/05/11 07:41:23 [error] [php] Trying to get property of non-object (/var/www/u3app/vendor/mishamx/yii-user/components/WebUser.php:51)
Stack trace:
#0 /var/www/u3app/vendor/yiisoft/yii/framework/db/ar/CActiveRecord.php(809): User->update()
#1 /var/www/u3app/vendor/mishamx/yii-user/controllers/RecoveryController.php(29): User->save()
#2 /var/www/u3app/vendor/yiisoft/yii/framework/web/actions/CInlineAction.php(49): RecoveryController->actionRecovery()
#3 /var/www/u3app/vendor/yiisoft/yii/framework/web/CController.php(308): CInlineAction->runWithParams()
#4 /var/www/u3app/vendor/yiisoft/yii/framework/web/CController.php(286): RecoveryController->runAction()
#5 /var/www/u3app/vendor/yiisoft/yii/framework/web/CController.php(265): RecoveryController->runActionWithFilters()
#6 /var/www/u3app/vendor/yiisoft/yii/framework/web/CWebApplication.php(285): RecoveryController->run()
#7 /var/www/u3app/vendor/yiisoft/yii/framework/web/CWebApplication.php(144): CWebApplication->runController()
#8 /var/www/u3app/vendor/yiisoft/yii/framework/base/CApplication.php(184): CWebApplication->processRequest()
#9 /var/www/u3app/web/index.php(25): CWebApplication->run()
REQUEST_URI=/user/recovery?activkey=9a6a10afc1179d10cf7c3ca08a7f386f&email=admin%40u3soft.com
2014/05/11 07:47:12 [error] [exception.CException] exception 'CException' with message 'Property "Emailer.id" is not defined.' in /var/www/u3app/vendor/yiisoft/yii/framework/base/CComponent.php:130
Stack trace:
#0 /var/www/u3app/vendor/nordsoftware/yii-emailer/components/Emailer.php(379): CComponent->__get('id')
#1 /var/www/u3app/vendor/mishamx/yii-user/models/User.php(217): Emailer->updateSession()
#2 /var/www/u3app/vendor/yiisoft/yii/framework/db/ar/CActiveRecord.php(1129): User->afterSave()
#3 /var/www/u3app/vendor/yiisoft/yii/framework/db/ar/CActiveRecord.php(809): CActiveRecord->update(NULL)
#4 /var/www/u3app/vendor/mishamx/yii-user/controllers/RecoveryController.php(29): CActiveRecord->save()
#5 /var/www/u3app/vendor/yiisoft/yii/framework/web/actions/CInlineAction.php(49): RecoveryController->actionRecovery()
#6 /var/www/u3app/vendor/yiisoft/yii/framework/web/CController.php(308): CInlineAction->runWithParams(Array)
#7 /var/www/u3app/vendor/yiisoft/yii/framework/web/CController.php(286): CController->runAction(Object(CInlineAction))
#8 /var/www/u3app/vendor/yiisoft/yii/framework/web/CController.php(265): CController->runActionWithFilters(Object(CInlineAction), Array)
#9 /var/www/u3app/vendor/yiisoft/yii/framework/web/CWebApplication.php(285): CController->run('')
#10 /var/www/u3app/vendor/yiisoft/yii/framework/web/CWebApplication.php(144): CWebApplication->runController('user/recovery')
#11 /var/www/u3app/vendor/yiisoft/yii/framework/base/CApplication.php(184): CWebApplication->processRequest()
#12 /var/www/u3app/web/index.php(25): CApplication->run()
#13 {main}
REQUEST_URI=/user/recovery?activkey=613767dad26823438a8e7f5afd707b24&email=admin%40u3soft.com
HTTP_REFERER=http://u3app.com/user/recovery?activkey=613767dad26823438a8e7f5afd707b24&email=admin%40u3soft.com
---
2014/05/11 07:49:12 [error] [php] Trying to get property of non-object (/var/www/u3app/vendor/nordsoftware/yii-emailer/components/Emailer.php:381)
Stack trace:
#0 /var/www/u3app/vendor/yiisoft/yii/framework/db/ar/CActiveRecord.php(809): User->update()
#1 /var/www/u3app/vendor/mishamx/yii-user/controllers/RecoveryController.php(29): User->save()
#2 /var/www/u3app/vendor/yiisoft/yii/framework/web/actions/CInlineAction.php(49): RecoveryController->actionRecovery()
#3 /var/www/u3app/vendor/yiisoft/yii/framework/web/CController.php(308): CInlineAction->runWithParams()
#4 /var/www/u3app/vendor/yiisoft/yii/framework/web/CController.php(286): RecoveryController->runAction()
#5 /var/www/u3app/vendor/yiisoft/yii/framework/web/CController.php(265): RecoveryController->runActionWithFilters()
#6 /var/www/u3app/vendor/yiisoft/yii/framework/web/CWebApplication.php(285): RecoveryController->run()
#7 /var/www/u3app/vendor/yiisoft/yii/framework/web/CWebApplication.php(144): CWebApplication->runController()
#8 /var/www/u3app/vendor/yiisoft/yii/framework/base/CApplication.php(184): CWebApplication->processRequest()
#9 /var/www/u3app/web/index.php(25): CWebApplication->run()
REQUEST_URI=/user/recovery?activkey=d4a68af428108196f6850c32826ea79e&email=admin%40u3soft.com
2014/05/11 07:53:41 [error] [php] Trying to get property of non-object (/var/www/u3app/vendor/nordsoftware/yii-emailer/components/Emailer.php:381)
Stack trace:
#0 /var/www/u3app/vendor/yiisoft/yii/framework/db/ar/CActiveRecord.php(809): User->update()
#1 /var/www/u3app/vendor/mishamx/yii-user/controllers/RecoveryController.php(29): User->save()
#2 /var/www/u3app/vendor/yiisoft/yii/framework/web/actions/CInlineAction.php(49): RecoveryController->actionRecovery()
#3 /var/www/u3app/vendor/yiisoft/yii/framework/web/CController.php(308): CInlineAction->runWithParams()
#4 /var/www/u3app/vendor/yiisoft/yii/framework/web/CController.php(286): RecoveryController->runAction()
#5 /var/www/u3app/vendor/yiisoft/yii/framework/web/CController.php(265): RecoveryController->runActionWithFilters()
#6 /var/www/u3app/vendor/yiisoft/yii/framework/web/CWebApplication.php(285): RecoveryController->run()
#7 /var/www/u3app/vendor/yiisoft/yii/framework/web/CWebApplication.php(144): CWebApplication->runController()
#8 /var/www/u3app/vendor/yiisoft/yii/framework/base/CApplication.php(184): CWebApplication->processRequest()
#9 /var/www/u3app/web/index.php(25): CWebApplication->run()
REQUEST_URI=/user/recovery?activkey=5daa1e26a3c76ed9c30ac0fff170967d&email=admin%40u3soft.com
2014/05/11 08:10:46 [error] [php] Undefined index: Profile (/var/www/u3app/vendor/mishamx/yii-user/controllers/AdminController.php:73)
Stack trace:
#0 /var/www/u3app/vendor/yiisoft/yii/framework/web/filters/CFilterChain.php(133): AdminController->runAction()
#1 /var/www/u3app/vendor/yiisoft/yii/framework/web/filters/CFilter.php(40): CFilterChain->run()
#2 /var/www/u3app/vendor/yiisoft/yii/framework/web/filters/CFilterChain.php(130): AuthFilter->filter()
#3 /var/www/u3app/vendor/yiisoft/yii/framework/web/CController.php(291): CFilterChain->run()
#4 /var/www/u3app/vendor/yiisoft/yii/framework/web/CController.php(265): AdminController->runActionWithFilters()
#5 /var/www/u3app/vendor/yiisoft/yii/framework/web/CWebApplication.php(285): AdminController->run()
#6 /var/www/u3app/vendor/yiisoft/yii/framework/web/CWebApplication.php(144): CWebApplication->runController()
#7 /var/www/u3app/vendor/yiisoft/yii/framework/base/CApplication.php(184): CWebApplication->processRequest()
#8 /var/www/u3app/web/index.php(25): CWebApplication->run()
REQUEST_URI=/user/admin/create
2014/05/11 08:12:36 [error] [exception.CHttpException.404] exception 'CHttpException' with message 'Unable to resolve the request "assets/7f8f2d4d/js/form.js".' in /var/www/u3app/vendor/yiisoft/yii/framework/web/CWebApplication.php:289
Stack trace:
#0 /var/www/u3app/vendor/yiisoft/yii/framework/web/CWebApplication.php(144): CWebApplication->runController('assets/7f8f2d4d...')
#1 /var/www/u3app/vendor/yiisoft/yii/framework/base/CApplication.php(184): CWebApplication->processRequest()
#2 /var/www/u3app/web/index.php(25): CApplication->run()
#3 {main}
REQUEST_URI=/assets/7f8f2d4d/js/form.js
HTTP_REFERER=http://u3app.com/user/profileField/create
---
2014/05/11 08:13:58 [error] [system.db.CDbCommand] CDbCommand::execute() failed: SQLSTATE[42S21]: Column already exists: 1060 Duplicate column name 'country'. The SQL statement executed was: ALTER TABLE tbl_profiles ADD `country` TEXT NOT NULL .
2014/05/11 08:13:58 [error] [exception.CDbException] exception 'CDbException' with message 'CDbCommand failed to execute the SQL statement: SQLSTATE[42S21]: Column already exists: 1060 Duplicate column name 'country'. The SQL statement executed was: ALTER TABLE tbl_profiles ADD `country` TEXT NOT NULL ' in /var/www/u3app/vendor/yiisoft/yii/framework/db/CDbCommand.php:358
Stack trace:
#0 /var/www/u3app/vendor/mishamx/yii-user/controllers/ProfileFieldController.php(343): CDbCommand->execute()
#1 /var/www/u3app/vendor/yiisoft/yii/framework/web/actions/CInlineAction.php(49): ProfileFieldController->actionCreate()
#2 /var/www/u3app/vendor/yiisoft/yii/framework/web/CController.php(308): CInlineAction->runWithParams(Array)
#3 /var/www/u3app/vendor/yiisoft/yii/framework/web/filters/CFilterChain.php(133): CController->runAction(Object(CInlineAction))
#4 /var/www/u3app/vendor/yiisoft/yii/framework/web/filters/CFilter.php(40): CFilterChain->run()
#5 /var/www/u3app/vendor/yiisoft/yii/framework/web/filters/CFilterChain.php(130): CFilter->filter(Object(CFilterChain))
#6 /var/www/u3app/vendor/yiisoft/yii/framework/web/CController.php(291): CFilterChain->run()
#7 /var/www/u3app/vendor/yiisoft/yii/framework/web/CController.php(265): CController->runActionWithFilters(Object(CInlineAction), Array)
#8 /var/www/u3app/vendor/yiisoft/yii/framework/web/CWebApplication.php(285): CController->run('create')
#9 /var/www/u3app/vendor/yiisoft/yii/framework/web/CWebApplication.php(144): CWebApplication->runController('user/profileFie...')
#10 /var/www/u3app/vendor/yiisoft/yii/framework/base/CApplication.php(184): CWebApplication->processRequest()
#11 /var/www/u3app/web/index.php(25): CApplication->run()
#12 {main}
REQUEST_URI=/user/profileField/create
HTTP_REFERER=http://u3app.com/user/profileField/create
---
2014/05/11 08:18:05 [error] [system.db.CDbCommand] CDbCommand::execute() failed: SQLSTATE[42S21]: Column already exists: 1060 Duplicate column name 'country'. The SQL statement executed was: ALTER TABLE tbl_profiles ADD `country` VARCHAR(255) NOT NULL  DEFAULT ''.
2014/05/11 08:18:05 [error] [exception.CDbException] exception 'CDbException' with message 'CDbCommand failed to execute the SQL statement: SQLSTATE[42S21]: Column already exists: 1060 Duplicate column name 'country'. The SQL statement executed was: ALTER TABLE tbl_profiles ADD `country` VARCHAR(255) NOT NULL  DEFAULT ''' in /var/www/u3app/vendor/yiisoft/yii/framework/db/CDbCommand.php:358
Stack trace:
#0 /var/www/u3app/vendor/mishamx/yii-user/controllers/ProfileFieldController.php(343): CDbCommand->execute()
#1 /var/www/u3app/vendor/yiisoft/yii/framework/web/actions/CInlineAction.php(49): ProfileFieldController->actionCreate()
#2 /var/www/u3app/vendor/yiisoft/yii/framework/web/CController.php(308): CInlineAction->runWithParams(Array)
#3 /var/www/u3app/vendor/yiisoft/yii/framework/web/filters/CFilterChain.php(133): CController->runAction(Object(CInlineAction))
#4 /var/www/u3app/vendor/yiisoft/yii/framework/web/filters/CFilter.php(40): CFilterChain->run()
#5 /var/www/u3app/vendor/yiisoft/yii/framework/web/filters/CFilterChain.php(130): CFilter->filter(Object(CFilterChain))
#6 /var/www/u3app/vendor/yiisoft/yii/framework/web/CController.php(291): CFilterChain->run()
#7 /var/www/u3app/vendor/yiisoft/yii/framework/web/CController.php(265): CController->runActionWithFilters(Object(CInlineAction), Array)
#8 /var/www/u3app/vendor/yiisoft/yii/framework/web/CWebApplication.php(285): CController->run('create')
#9 /var/www/u3app/vendor/yiisoft/yii/framework/web/CWebApplication.php(144): CWebApplication->runController('user/profileFie...')
#10 /var/www/u3app/vendor/yiisoft/yii/framework/base/CApplication.php(184): CWebApplication->processRequest()
#11 /var/www/u3app/web/index.php(25): CApplication->run()
#12 {main}
REQUEST_URI=/user/profileField/create
HTTP_REFERER=http://u3app.com/user/profileField/create
---
2014/05/11 08:22:51 [error] [exception.CHttpException.404] exception 'CHttpException' with message 'Unable to resolve the request "assets/7f8f2d4d/js/form.js".' in /var/www/u3app/vendor/yiisoft/yii/framework/web/CWebApplication.php:289
Stack trace:
#0 /var/www/u3app/vendor/yiisoft/yii/framework/web/CWebApplication.php(144): CWebApplication->runController('assets/7f8f2d4d...')
#1 /var/www/u3app/vendor/yiisoft/yii/framework/base/CApplication.php(184): CWebApplication->processRequest()
#2 /var/www/u3app/web/index.php(25): CApplication->run()
#3 {main}
REQUEST_URI=/assets/7f8f2d4d/js/form.js
HTTP_REFERER=http://u3app.com/user/profileField/update/id/7
---
2014/05/11 08:28:32 [error] [exception.CHttpException.404] exception 'CHttpException' with message 'Unable to resolve the request "assets/7f8f2d4d/js/form.js".' in /var/www/u3app/vendor/yiisoft/yii/framework/web/CWebApplication.php:289
Stack trace:
#0 /var/www/u3app/vendor/yiisoft/yii/framework/web/CWebApplication.php(144): CWebApplication->runController('assets/7f8f2d4d...')
#1 /var/www/u3app/vendor/yiisoft/yii/framework/base/CApplication.php(184): CWebApplication->processRequest()
#2 /var/www/u3app/web/index.php(25): CApplication->run()
#3 {main}
REQUEST_URI=/assets/7f8f2d4d/js/form.js
HTTP_REFERER=http://u3app.com/user/profileField/create
---
2014/05/11 08:30:27 [error] [exception.CHttpException.404] exception 'CHttpException' with message 'Unable to resolve the request "img/loader.gif".' in /var/www/u3app/vendor/yiisoft/yii/framework/web/CWebApplication.php:289
Stack trace:
#0 /var/www/u3app/vendor/yiisoft/yii/framework/web/CWebApplication.php(144): CWebApplication->runController('img/loader.gif')
#1 /var/www/u3app/vendor/yiisoft/yii/framework/base/CApplication.php(184): CWebApplication->processRequest()
#2 /var/www/u3app/web/index.php(25): CApplication->run()
#3 {main}
REQUEST_URI=/img/loader.gif
HTTP_REFERER=http://u3app.com/user/admin
---
2014/05/11 08:35:06 [warning] [application] Failed to set unsafe attribute "mail_notify" of "Profile".
2014/05/11 08:35:44 [warning] [application] Failed to set unsafe attribute "mail_notify" of "Profile".
2014/05/11 08:36:32 [warning] [application] Failed to set unsafe attribute "mail_notify" of "Profile".
2014/05/11 08:48:49 [error] [php] htmlspecialchars() expects parameter 1 to be string, array given (/var/www/u3app/vendor/yiisoft/yii/framework/web/helpers/CHtml.php:108)
Stack trace:
#0 /var/www/u3app/vendor/yiisoft/yii/framework/web/helpers/CHtml.php(163): renderAttributes()
#1 /var/www/u3app/vendor/yiisoft/yii/framework/web/helpers/CHtml.php(2454): tag()
#2 /var/www/u3app/vendor/crisu83/yiistrap/helpers/TbHtml.php(2661): activeInputField()
#3 /var/www/u3app/vendor/crisu83/yiistrap/helpers/TbHtml.php(1763): activeTextInputField()
#4 /var/www/u3app/vendor/crisu83/yiistrap/helpers/TbHtml.php(2536): activeTextField()
#5 /var/www/u3app/vendor/crisu83/yiistrap/widgets/TbActiveForm.php(442): createActiveInput()
#6 /var/www/u3app/vendor/crisu83/yiistrap/widgets/TbActiveForm.php(186): TbActiveForm->createInput()
#7 /var/www/u3app/web/themes/bootstrap/views/user/admin/_form.php(57): TbActiveForm->textField()
#8 /var/www/u3app/vendor/yiisoft/yii/framework/web/CBaseController.php(126): require()
#9 /var/www/u3app/vendor/malyshev/yii-debug-toolbar/YiiDebugViewRenderer.php(40): AdminController->renderInternal()
#10 /var/www/u3app/vendor/yiisoft/yii/framework/web/CBaseController.php(93): YiiDebugViewRenderer->renderFile()
#11 /var/www/u3app/vendor/yiisoft/yii/framework/web/CController.php(869): AdminController->renderFile()
#12 /var/www/u3app/web/themes/bootstrap/views/user/admin/update.php(19): AdminController->renderPartial()
#13 /var/www/u3app/vendor/yiisoft/yii/framework/web/CBaseController.php(126): require()
#14 /var/www/u3app/vendor/malyshev/yii-debug-toolbar/YiiDebugViewRenderer.php(40): AdminController->renderInternal()
#15 /var/www/u3app/vendor/yiisoft/yii/framework/web/CBaseController.php(93): YiiDebugViewRenderer->renderFile()
#16 /var/www/u3app/vendor/yiisoft/yii/framework/web/CController.php(869): AdminController->renderFile()
#17 /var/www/u3app/vendor/yiisoft/yii/framework/web/CController.php(782): AdminController->renderPartial()
#18 /var/www/u3app/vendor/mishamx/yii-user/controllers/AdminController.php(119): AdminController->render()
#19 /var/www/u3app/vendor/yiisoft/yii/framework/web/actions/CInlineAction.php(49): AdminController->actionUpdate()
#20 /var/www/u3app/vendor/yiisoft/yii/framework/web/CController.php(308): CInlineAction->runWithParams()
#21 /var/www/u3app/vendor/yiisoft/yii/framework/web/CController.php(286): AdminController->runAction()
#22 /var/www/u3app/vendor/yiisoft/yii/framework/web/CController.php(265): AdminController->runActionWithFilters()
#23 /var/www/u3app/vendor/yiisoft/yii/framework/web/CWebApplication.php(285): AdminController->run()
#24 /var/www/u3app/vendor/yiisoft/yii/framework/web/CWebApplication.php(144): CWebApplication->runController()
#25 /var/www/u3app/vendor/yiisoft/yii/framework/base/CApplication.php(184): CWebApplication->processRequest()
#26 /var/www/u3app/web/index.php(25): CWebApplication->run()
REQUEST_URI=/user/admin/update/id/1
2014/05/11 09:32:38 [error] [exception.CHttpException.404] exception 'CHttpException' with message 'Unable to resolve the request "favicon.ico".' in /var/www/u3app/vendor/yiisoft/yii/framework/web/CWebApplication.php:289
Stack trace:
#0 /var/www/u3app/vendor/yiisoft/yii/framework/web/CWebApplication.php(144): CWebApplication->runController('favicon.ico')
#1 /var/www/u3app/vendor/yiisoft/yii/framework/base/CApplication.php(184): CWebApplication->processRequest()
#2 /var/www/u3app/web/index.php(25): CApplication->run()
#3 {main}
REQUEST_URI=/favicon.ico
---
2014/05/11 09:32:38 [error] [exception.CHttpException.404] exception 'CHttpException' with message 'Unable to resolve the request "favicon.ico".' in /var/www/u3app/vendor/yiisoft/yii/framework/web/CWebApplication.php:289
Stack trace:
#0 /var/www/u3app/vendor/yiisoft/yii/framework/web/CWebApplication.php(144): CWebApplication->runController('favicon.ico')
#1 /var/www/u3app/vendor/yiisoft/yii/framework/base/CApplication.php(184): CWebApplication->processRequest()
#2 /var/www/u3app/web/index.php(25): CApplication->run()
#3 {main}
REQUEST_URI=/favicon.ico
---
2014/05/11 09:34:22 [warning] [application] Failed to set unsafe attribute "activkey" of "User".
2014/05/11 09:34:22 [warning] [application] Failed to set unsafe attribute "parent_id" of "User".
2014/05/11 09:34:22 [warning] [application] Failed to set unsafe attribute "mail_notify" of "Profile".
2014/05/11 09:36:07 [warning] [application] Failed to set unsafe attribute "activkey" of "User".
2014/05/11 09:36:07 [warning] [application] Failed to set unsafe attribute "create_at" of "User".
2014/05/11 09:36:07 [warning] [application] Failed to set unsafe attribute "lastvisit_at" of "User".
2014/05/11 09:36:07 [warning] [application] Failed to set unsafe attribute "parent_id" of "User".
2014/05/11 09:36:08 [warning] [application] Failed to set unsafe attribute "mail_notify" of "Profile".
2014/05/11 09:36:14 [error] [exception.CHttpException.401] exception 'CHttpException' with message 'Access denied.' in /var/www/u3app/vendor/crisu83/yii-auth/AuthModule.php:128
Stack trace:
#0 /var/www/u3app/vendor/yiisoft/yii/framework/web/CController.php(263): AuthModule->beforeControllerAction(Object(AssignmentController), Object(CInlineAction))
#1 /var/www/u3app/vendor/yiisoft/yii/framework/web/CWebApplication.php(285): CController->run('')
#2 /var/www/u3app/vendor/yiisoft/yii/framework/web/CWebApplication.php(144): CWebApplication->runController('auth')
#3 /var/www/u3app/vendor/yiisoft/yii/framework/base/CApplication.php(184): CWebApplication->processRequest()
#4 /var/www/u3app/web/index.php(25): CApplication->run()
#5 {main}
REQUEST_URI=/auth
HTTP_REFERER=http://u3app.com/user/login
---
2014/05/11 09:36:25 [error] [exception.CHttpException.401] exception 'CHttpException' with message 'Access denied.' in /var/www/u3app/vendor/crisu83/yii-auth/AuthModule.php:128
Stack trace:
#0 /var/www/u3app/vendor/yiisoft/yii/framework/web/CController.php(263): AuthModule->beforeControllerAction(Object(AssignmentController), Object(CInlineAction))
#1 /var/www/u3app/vendor/yiisoft/yii/framework/web/CWebApplication.php(285): CController->run('')
#2 /var/www/u3app/vendor/yiisoft/yii/framework/web/CWebApplication.php(144): CWebApplication->runController('auth')
#3 /var/www/u3app/vendor/yiisoft/yii/framework/base/CApplication.php(184): CWebApplication->processRequest()
#4 /var/www/u3app/web/index.php(25): CApplication->run()
#5 {main}
REQUEST_URI=/auth
HTTP_REFERER=http://u3app.com/auth
---
2014/05/11 09:37:47 [error] [exception.CHttpException.401] exception 'CHttpException' with message 'You are not authorized to perform this action.' in /var/www/u3app/vendor/crisu83/yii-auth/filters/AuthFilter.php:56
Stack trace:
#0 /var/www/u3app/vendor/yiisoft/yii/framework/web/filters/CFilter.php(38): AuthFilter->preFilter(Object(CFilterChain))
#1 /var/www/u3app/vendor/yiisoft/yii/framework/web/filters/CFilterChain.php(130): CFilter->filter(Object(CFilterChain))
#2 /var/www/u3app/vendor/yiisoft/yii/framework/web/CController.php(291): CFilterChain->run()
#3 /var/www/u3app/vendor/yiisoft/yii/framework/web/CController.php(265): CController->runActionWithFilters(Object(CInlineAction), Array)
#4 /var/www/u3app/vendor/yiisoft/yii/framework/web/CWebApplication.php(285): CController->run('view')
#5 /var/www/u3app/vendor/yiisoft/yii/framework/web/CWebApplication.php(144): CWebApplication->runController('user/user/view/...')
#6 /var/www/u3app/vendor/yiisoft/yii/framework/base/CApplication.php(184): CWebApplication->processRequest()
#7 /var/www/u3app/web/index.php(25): CApplication->run()
#8 {main}
REQUEST_URI=/user/user/view/id/1
HTTP_REFERER=http://u3app.com/user/default
---
2014/05/11 09:38:21 [warning] [application] Failed to set unsafe attribute "activkey" of "User".
2014/05/11 09:38:21 [warning] [application] Failed to set unsafe attribute "create_at" of "User".
2014/05/11 09:38:21 [warning] [application] Failed to set unsafe attribute "lastvisit_at" of "User".
2014/05/11 09:38:21 [warning] [application] Failed to set unsafe attribute "parent_id" of "User".
2014/05/11 09:38:21 [warning] [application] Failed to set unsafe attribute "mail_notify" of "Profile".
2014/05/11 09:40:18 [error] [exception.CHttpException.401] exception 'CHttpException' with message 'You are not authorized to perform this action.' in /var/www/u3app/vendor/crisu83/yii-auth/filters/AuthFilter.php:56
Stack trace:
#0 /var/www/u3app/vendor/yiisoft/yii/framework/web/filters/CFilter.php(38): AuthFilter->preFilter(Object(CFilterChain))
#1 /var/www/u3app/vendor/yiisoft/yii/framework/web/filters/CFilterChain.php(130): CFilter->filter(Object(CFilterChain))
#2 /var/www/u3app/vendor/yiisoft/yii/framework/web/CController.php(291): CFilterChain->run()
#3 /var/www/u3app/vendor/yiisoft/yii/framework/web/CController.php(265): CController->runActionWithFilters(Object(CInlineAction), Array)
#4 /var/www/u3app/vendor/yiisoft/yii/framework/web/CWebApplication.php(285): CController->run('view')
#5 /var/www/u3app/vendor/yiisoft/yii/framework/web/CWebApplication.php(144): CWebApplication->runController('user/user/view/...')
#6 /var/www/u3app/vendor/yiisoft/yii/framework/base/CApplication.php(184): CWebApplication->processRequest()
#7 /var/www/u3app/web/index.php(25): CApplication->run()
#8 {main}
REQUEST_URI=/user/user/view/id/1
HTTP_REFERER=http://u3app.com/user/default
---
2014/05/11 09:42:01 [error] [exception.CHttpException.401] exception 'CHttpException' with message 'You are not authorized to perform this action.' in /var/www/u3app/vendor/crisu83/yii-auth/filters/AuthFilter.php:56
Stack trace:
#0 /var/www/u3app/vendor/yiisoft/yii/framework/web/filters/CFilter.php(38): AuthFilter->preFilter(Object(CFilterChain))
#1 /var/www/u3app/vendor/yiisoft/yii/framework/web/filters/CFilterChain.php(130): CFilter->filter(Object(CFilterChain))
#2 /var/www/u3app/vendor/yiisoft/yii/framework/web/CController.php(291): CFilterChain->run()
#3 /var/www/u3app/vendor/yiisoft/yii/framework/web/CController.php(265): CController->runActionWithFilters(Object(CInlineAction), Array)
#4 /var/www/u3app/vendor/yiisoft/yii/framework/web/CWebApplication.php(285): CController->run('view')
#5 /var/www/u3app/vendor/yiisoft/yii/framework/web/CWebApplication.php(144): CWebApplication->runController('user/user/view/...')
#6 /var/www/u3app/vendor/yiisoft/yii/framework/base/CApplication.php(184): CWebApplication->processRequest()
#7 /var/www/u3app/web/index.php(25): CApplication->run()
#8 {main}
REQUEST_URI=/user/user/view/id/1
HTTP_REFERER=http://u3app.com/user/default
---
2014/05/11 09:42:47 [error] [exception.CHttpException.401] exception 'CHttpException' with message 'You are not authorized to perform this action.' in /var/www/u3app/vendor/crisu83/yii-auth/filters/AuthFilter.php:56
Stack trace:
#0 /var/www/u3app/vendor/yiisoft/yii/framework/web/filters/CFilter.php(38): AuthFilter->preFilter(Object(CFilterChain))
#1 /var/www/u3app/vendor/yiisoft/yii/framework/web/filters/CFilterChain.php(130): CFilter->filter(Object(CFilterChain))
#2 /var/www/u3app/vendor/yiisoft/yii/framework/web/CController.php(291): CFilterChain->run()
#3 /var/www/u3app/vendor/yiisoft/yii/framework/web/CController.php(265): CController->runActionWithFilters(Object(CInlineAction), Array)
#4 /var/www/u3app/vendor/yiisoft/yii/framework/web/CWebApplication.php(285): CController->run('view')
#5 /var/www/u3app/vendor/yiisoft/yii/framework/web/CWebApplication.php(144): CWebApplication->runController('user/user/view/...')
#6 /var/www/u3app/vendor/yiisoft/yii/framework/base/CApplication.php(184): CWebApplication->processRequest()
#7 /var/www/u3app/web/index.php(25): CApplication->run()
#8 {main}
REQUEST_URI=/user/user/view/id/1
HTTP_REFERER=http://u3app.com/user/default
---
2014/05/11 09:42:53 [error] [exception.CHttpException.401] exception 'CHttpException' with message 'Access denied.' in /var/www/u3app/vendor/crisu83/yii-auth/AuthModule.php:128
Stack trace:
#0 /var/www/u3app/vendor/yiisoft/yii/framework/web/CController.php(263): AuthModule->beforeControllerAction(Object(AssignmentController), Object(CInlineAction))
#1 /var/www/u3app/vendor/yiisoft/yii/framework/web/CWebApplication.php(285): CController->run('')
#2 /var/www/u3app/vendor/yiisoft/yii/framework/web/CWebApplication.php(144): CWebApplication->runController('auth')
#3 /var/www/u3app/vendor/yiisoft/yii/framework/base/CApplication.php(184): CWebApplication->processRequest()
#4 /var/www/u3app/web/index.php(25): CApplication->run()
#5 {main}
REQUEST_URI=/auth
HTTP_REFERER=http://u3app.com/site/index
---
2014/05/11 09:42:56 [error] [exception.CHttpException.401] exception 'CHttpException' with message 'You are not authorized to perform this action.' in /var/www/u3app/vendor/crisu83/yii-auth/filters/AuthFilter.php:56
Stack trace:
#0 /var/www/u3app/vendor/yiisoft/yii/framework/web/filters/CFilter.php(38): AuthFilter->preFilter(Object(CFilterChain))
#1 /var/www/u3app/vendor/yiisoft/yii/framework/web/filters/CFilterChain.php(130): CFilter->filter(Object(CFilterChain))
#2 /var/www/u3app/vendor/yiisoft/yii/framework/web/CController.php(291): CFilterChain->run()
#3 /var/www/u3app/vendor/yiisoft/yii/framework/web/CController.php(265): CController->runActionWithFilters(Object(CInlineAction), Array)
#4 /var/www/u3app/vendor/yiisoft/yii/framework/web/CWebApplication.php(285): CController->run('view')
#5 /var/www/u3app/vendor/yiisoft/yii/framework/web/CWebApplication.php(144): CWebApplication->runController('user/user/view/...')
#6 /var/www/u3app/vendor/yiisoft/yii/framework/base/CApplication.php(184): CWebApplication->processRequest()
#7 /var/www/u3app/web/index.php(25): CApplication->run()
#8 {main}
REQUEST_URI=/user/user/view/id/1
HTTP_REFERER=http://u3app.com/user/default
---
2014/05/11 09:44:14 [error] [php] Trying to get property of non-object (/var/www/u3app/vendor/crisu83/yii-auth/widgets/AuthItemDescriptionColumn.php:46)
Stack trace:
#0 /var/www/u3app/vendor/yiisoft/yii/framework/zii/widgets/grid/CGridView.php(578): TbGridView->renderTableRow()
#1 /var/www/u3app/vendor/yiisoft/yii/framework/zii/widgets/grid/CGridView.php(488): TbGridView->renderTableBody()
#2 /var/www/u3app/vendor/yiisoft/yii/framework/zii/widgets/CBaseListView.php(181): TbGridView->renderItems()
#3 unknown(0): TbGridView->renderSection()
#4 /var/www/u3app/vendor/yiisoft/yii/framework/zii/widgets/CBaseListView.php(164): preg_replace_callback()
#5 /var/www/u3app/vendor/yiisoft/yii/framework/zii/widgets/CBaseListView.php(149): TbGridView->renderContent()
#6 /var/www/u3app/vendor/yiisoft/yii/framework/web/CBaseController.php(181): TbGridView->run()
#7 /var/www/u3app/vendor/crisu83/yii-auth/views/authItem/view.php(137): RoleController->widget()
#8 /var/www/u3app/vendor/yiisoft/yii/framework/web/CBaseController.php(126): require()
#9 /var/www/u3app/vendor/malyshev/yii-debug-toolbar/YiiDebugViewRenderer.php(40): RoleController->renderInternal()
#10 /var/www/u3app/vendor/yiisoft/yii/framework/web/CBaseController.php(93): YiiDebugViewRenderer->renderFile()
#11 /var/www/u3app/vendor/yiisoft/yii/framework/web/CController.php(869): RoleController->renderFile()
#12 /var/www/u3app/vendor/yiisoft/yii/framework/web/CController.php(782): RoleController->renderPartial()
#13 /var/www/u3app/vendor/crisu83/yii-auth/controllers/AuthItemController.php(165): RoleController->render()
#14 unknown(0): RoleController->actionView()
#15 /var/www/u3app/vendor/yiisoft/yii/framework/web/actions/CAction.php(108): ReflectionMethod->invokeArgs()
#16 /var/www/u3app/vendor/yiisoft/yii/framework/web/actions/CInlineAction.php(47): CInlineAction->runWithParamsInternal()
#17 /var/www/u3app/vendor/yiisoft/yii/framework/web/CController.php(308): CInlineAction->runWithParams()
#18 /var/www/u3app/vendor/yiisoft/yii/framework/web/CController.php(286): RoleController->runAction()
#19 /var/www/u3app/vendor/yiisoft/yii/framework/web/CController.php(265): RoleController->runActionWithFilters()
#20 /var/www/u3app/vendor/yiisoft/yii/framework/web/CWebApplication.php(285): RoleController->run()
#21 /var/www/u3app/vendor/yiisoft/yii/framework/web/CWebApplication.php(144): CWebApplication->runController()
#22 /var/www/u3app/vendor/yiisoft/yii/framework/base/CApplication.php(184): CWebApplication->processRequest()
#23 /var/www/u3app/web/index.php(25): CWebApplication->run()
REQUEST_URI=/auth/role/view/name/girl
2014/05/11 09:44:42 [warning] [application] Failed to set unsafe attribute "activkey" of "User".
2014/05/11 09:44:42 [warning] [application] Failed to set unsafe attribute "create_at" of "User".
2014/05/11 09:44:42 [warning] [application] Failed to set unsafe attribute "lastvisit_at" of "User".
2014/05/11 09:44:42 [warning] [application] Failed to set unsafe attribute "parent_id" of "User".
2014/05/11 09:44:42 [warning] [application] Failed to set unsafe attribute "mail_notify" of "Profile".
2014/05/11 09:44:56 [error] [exception.CHttpException.401] exception 'CHttpException' with message 'You are not authorized to perform this action.' in /var/www/u3app/vendor/crisu83/yii-auth/filters/AuthFilter.php:56
Stack trace:
#0 /var/www/u3app/vendor/yiisoft/yii/framework/web/filters/CFilter.php(38): AuthFilter->preFilter(Object(CFilterChain))
#1 /var/www/u3app/vendor/yiisoft/yii/framework/web/filters/CFilterChain.php(130): CFilter->filter(Object(CFilterChain))
#2 /var/www/u3app/vendor/yiisoft/yii/framework/web/CController.php(291): CFilterChain->run()
#3 /var/www/u3app/vendor/yiisoft/yii/framework/web/CController.php(265): CController->runActionWithFilters(Object(CInlineAction), Array)
#4 /var/www/u3app/vendor/yiisoft/yii/framework/web/CWebApplication.php(285): CController->run('view')
#5 /var/www/u3app/vendor/yiisoft/yii/framework/web/CWebApplication.php(144): CWebApplication->runController('user/user/view/...')
#6 /var/www/u3app/vendor/yiisoft/yii/framework/base/CApplication.php(184): CWebApplication->processRequest()
#7 /var/www/u3app/web/index.php(25): CApplication->run()
#8 {main}
REQUEST_URI=/user/user/view/id/1
HTTP_REFERER=http://u3app.com/user/default
---
2014/05/11 09:45:15 [error] [exception.CHttpException.401] exception 'CHttpException' with message 'Access denied.' in /var/www/u3app/vendor/crisu83/yii-auth/AuthModule.php:128
Stack trace:
#0 /var/www/u3app/vendor/yiisoft/yii/framework/web/CController.php(263): AuthModule->beforeControllerAction(Object(AssignmentController), Object(CInlineAction))
#1 /var/www/u3app/vendor/yiisoft/yii/framework/web/CWebApplication.php(285): CController->run('')
#2 /var/www/u3app/vendor/yiisoft/yii/framework/web/CWebApplication.php(144): CWebApplication->runController('auth')
#3 /var/www/u3app/vendor/yiisoft/yii/framework/base/CApplication.php(184): CWebApplication->processRequest()
#4 /var/www/u3app/web/index.php(25): CApplication->run()
#5 {main}
REQUEST_URI=/auth
HTTP_REFERER=http://u3app.com/
---
2014/05/11 09:45:18 [error] [exception.CHttpException.401] exception 'CHttpException' with message 'You are not authorized to perform this action.' in /var/www/u3app/vendor/crisu83/yii-auth/filters/AuthFilter.php:56
Stack trace:
#0 /var/www/u3app/vendor/yiisoft/yii/framework/web/filters/CFilter.php(38): AuthFilter->preFilter(Object(CFilterChain))
#1 /var/www/u3app/vendor/yiisoft/yii/framework/web/filters/CFilterChain.php(130): CFilter->filter(Object(CFilterChain))
#2 /var/www/u3app/vendor/yiisoft/yii/framework/web/CController.php(291): CFilterChain->run()
#3 /var/www/u3app/vendor/yiisoft/yii/framework/web/CController.php(265): CController->runActionWithFilters(Object(CInlineAction), Array)
#4 /var/www/u3app/vendor/yiisoft/yii/framework/web/CWebApplication.php(285): CController->run('view')
#5 /var/www/u3app/vendor/yiisoft/yii/framework/web/CWebApplication.php(144): CWebApplication->runController('user/user/view/...')
#6 /var/www/u3app/vendor/yiisoft/yii/framework/base/CApplication.php(184): CWebApplication->processRequest()
#7 /var/www/u3app/web/index.php(25): CApplication->run()
#8 {main}
REQUEST_URI=/user/user/view/id/1
HTTP_REFERER=http://u3app.com/user/default
---
2014/05/11 09:46:04 [error] [exception.CHttpException.401] exception 'CHttpException' with message 'You are not authorized to perform this action.' in /var/www/u3app/vendor/crisu83/yii-auth/filters/AuthFilter.php:56
Stack trace:
#0 /var/www/u3app/vendor/yiisoft/yii/framework/web/filters/CFilter.php(38): AuthFilter->preFilter(Object(CFilterChain))
#1 /var/www/u3app/vendor/yiisoft/yii/framework/web/filters/CFilterChain.php(130): CFilter->filter(Object(CFilterChain))
#2 /var/www/u3app/vendor/yiisoft/yii/framework/web/CController.php(291): CFilterChain->run()
#3 /var/www/u3app/vendor/yiisoft/yii/framework/web/CController.php(265): CController->runActionWithFilters(Object(CInlineAction), Array)
#4 /var/www/u3app/vendor/yiisoft/yii/framework/web/CWebApplication.php(285): CController->run('view')
#5 /var/www/u3app/vendor/yiisoft/yii/framework/web/CWebApplication.php(144): CWebApplication->runController('user/user/view/...')
#6 /var/www/u3app/vendor/yiisoft/yii/framework/base/CApplication.php(184): CWebApplication->processRequest()
#7 /var/www/u3app/web/index.php(25): CApplication->run()
#8 {main}
REQUEST_URI=/user/user/view/id/1
HTTP_REFERER=http://u3app.com/user/default
---
2014/05/11 09:46:26 [error] [exception.CHttpException.401] exception 'CHttpException' with message 'You are not authorized to perform this action.' in /var/www/u3app/vendor/crisu83/yii-auth/filters/AuthFilter.php:56
Stack trace:
#0 /var/www/u3app/vendor/yiisoft/yii/framework/web/filters/CFilter.php(38): AuthFilter->preFilter(Object(CFilterChain))
#1 /var/www/u3app/vendor/yiisoft/yii/framework/web/filters/CFilterChain.php(130): CFilter->filter(Object(CFilterChain))
#2 /var/www/u3app/vendor/yiisoft/yii/framework/web/CController.php(291): CFilterChain->run()
#3 /var/www/u3app/vendor/yiisoft/yii/framework/web/CController.php(265): CController->runActionWithFilters(Object(CInlineAction), Array)
#4 /var/www/u3app/vendor/yiisoft/yii/framework/web/CWebApplication.php(285): CController->run('view')
#5 /var/www/u3app/vendor/yiisoft/yii/framework/web/CWebApplication.php(144): CWebApplication->runController('user/user/view/...')
#6 /var/www/u3app/vendor/yiisoft/yii/framework/base/CApplication.php(184): CWebApplication->processRequest()
#7 /var/www/u3app/web/index.php(25): CApplication->run()
#8 {main}
REQUEST_URI=/user/user/view/id/1
HTTP_REFERER=http://u3app.com/user/default
---
2014/05/11 09:47:47 [error] [exception.CHttpException.401] exception 'CHttpException' with message 'You are not authorized to perform this action.' in /var/www/u3app/vendor/crisu83/yii-auth/filters/AuthFilter.php:56
Stack trace:
#0 /var/www/u3app/vendor/yiisoft/yii/framework/web/filters/CFilter.php(38): AuthFilter->preFilter(Object(CFilterChain))
#1 /var/www/u3app/vendor/yiisoft/yii/framework/web/filters/CFilterChain.php(130): CFilter->filter(Object(CFilterChain))
#2 /var/www/u3app/vendor/yiisoft/yii/framework/web/CController.php(291): CFilterChain->run()
#3 /var/www/u3app/vendor/yiisoft/yii/framework/web/CController.php(265): CController->runActionWithFilters(Object(CInlineAction), Array)
#4 /var/www/u3app/vendor/yiisoft/yii/framework/web/CWebApplication.php(285): CController->run('')
#5 /var/www/u3app/vendor/yiisoft/yii/framework/web/CWebApplication.php(144): CWebApplication->runController('user/admin')
#6 /var/www/u3app/vendor/yiisoft/yii/framework/base/CApplication.php(184): CWebApplication->processRequest()
#7 /var/www/u3app/web/index.php(25): CApplication->run()
#8 {main}
REQUEST_URI=/user/admin
---
2014/05/11 09:48:05 [error] [exception.CHttpException.401] exception 'CHttpException' with message 'You are not authorized to perform this action.' in /var/www/u3app/vendor/crisu83/yii-auth/filters/AuthFilter.php:56
Stack trace:
#0 /var/www/u3app/vendor/yiisoft/yii/framework/web/filters/CFilter.php(38): AuthFilter->preFilter(Object(CFilterChain))
#1 /var/www/u3app/vendor/yiisoft/yii/framework/web/filters/CFilterChain.php(130): CFilter->filter(Object(CFilterChain))
#2 /var/www/u3app/vendor/yiisoft/yii/framework/web/CController.php(291): CFilterChain->run()
#3 /var/www/u3app/vendor/yiisoft/yii/framework/web/CController.php(265): CController->runActionWithFilters(Object(CInlineAction), Array)
#4 /var/www/u3app/vendor/yiisoft/yii/framework/web/CWebApplication.php(285): CController->run('view')
#5 /var/www/u3app/vendor/yiisoft/yii/framework/web/CWebApplication.php(144): CWebApplication->runController('user/user/view/...')
#6 /var/www/u3app/vendor/yiisoft/yii/framework/base/CApplication.php(184): CWebApplication->processRequest()
#7 /var/www/u3app/web/index.php(25): CApplication->run()
#8 {main}
REQUEST_URI=/user/user/view/id/1
HTTP_REFERER=http://u3app.com/user/default
---
2014/05/11 10:04:50 [error] [php] call_user_func() expects parameter 1 to be a valid callback, array must have exactly two members (/var/www/u3app/vendor/yiisoft/yii/framework/web/helpers/CHtml.php:2340)
Stack trace:
#0 /var/www/u3app/web/themes/bootstrap/views/user/admin/_form.php(56): listData()
#1 /var/www/u3app/vendor/yiisoft/yii/framework/web/CBaseController.php(126): require()
#2 /var/www/u3app/vendor/malyshev/yii-debug-toolbar/YiiDebugViewRenderer.php(40): AdminController->renderInternal()
#3 /var/www/u3app/vendor/yiisoft/yii/framework/web/CBaseController.php(93): YiiDebugViewRenderer->renderFile()
#4 /var/www/u3app/vendor/yiisoft/yii/framework/web/CController.php(869): AdminController->renderFile()
#5 /var/www/u3app/web/themes/bootstrap/views/user/admin/create.php(16): AdminController->renderPartial()
#6 /var/www/u3app/vendor/yiisoft/yii/framework/web/CBaseController.php(126): require()
#7 /var/www/u3app/vendor/malyshev/yii-debug-toolbar/YiiDebugViewRenderer.php(40): AdminController->renderInternal()
#8 /var/www/u3app/vendor/yiisoft/yii/framework/web/CBaseController.php(93): YiiDebugViewRenderer->renderFile()
#9 /var/www/u3app/vendor/yiisoft/yii/framework/web/CController.php(869): AdminController->renderFile()
#10 /var/www/u3app/vendor/yiisoft/yii/framework/web/CController.php(782): AdminController->renderPartial()
#11 /var/www/u3app/vendor/mishamx/yii-user/controllers/AdminController.php(92): AdminController->render()
#12 /var/www/u3app/vendor/yiisoft/yii/framework/web/actions/CInlineAction.php(49): AdminController->actionCreate()
#13 /var/www/u3app/vendor/yiisoft/yii/framework/web/CController.php(308): CInlineAction->runWithParams()
#14 /var/www/u3app/vendor/yiisoft/yii/framework/web/filters/CFilterChain.php(133): AdminController->runAction()
#15 /var/www/u3app/vendor/yiisoft/yii/framework/web/filters/CFilter.php(40): CFilterChain->run()
#16 /var/www/u3app/vendor/yiisoft/yii/framework/web/filters/CFilterChain.php(130): AuthFilter->filter()
#17 /var/www/u3app/vendor/yiisoft/yii/framework/web/CController.php(291): CFilterChain->run()
#18 /var/www/u3app/vendor/yiisoft/yii/framework/web/CController.php(265): AdminController->runActionWithFilters()
#19 /var/www/u3app/vendor/yiisoft/yii/framework/web/CWebApplication.php(285): AdminController->run()
#20 /var/www/u3app/vendor/yiisoft/yii/framework/web/CWebApplication.php(144): CWebApplication->runController()
#21 /var/www/u3app/vendor/yiisoft/yii/framework/base/CApplication.php(184): CWebApplication->processRequest()
#22 /var/www/u3app/web/index.php(25): CWebApplication->run()
REQUEST_URI=/user/admin/create
2014/05/11 10:05:05 [error] [php] call_user_func() expects parameter 1 to be a valid callback, array must have exactly two members (/var/www/u3app/vendor/yiisoft/yii/framework/web/helpers/CHtml.php:2340)
Stack trace:
#0 /var/www/u3app/web/themes/bootstrap/views/user/admin/_form.php(56): listData()
#1 /var/www/u3app/vendor/yiisoft/yii/framework/web/CBaseController.php(126): require()
#2 /var/www/u3app/vendor/malyshev/yii-debug-toolbar/YiiDebugViewRenderer.php(40): AdminController->renderInternal()
#3 /var/www/u3app/vendor/yiisoft/yii/framework/web/CBaseController.php(93): YiiDebugViewRenderer->renderFile()
#4 /var/www/u3app/vendor/yiisoft/yii/framework/web/CController.php(869): AdminController->renderFile()
#5 /var/www/u3app/web/themes/bootstrap/views/user/admin/create.php(16): AdminController->renderPartial()
#6 /var/www/u3app/vendor/yiisoft/yii/framework/web/CBaseController.php(126): require()
#7 /var/www/u3app/vendor/malyshev/yii-debug-toolbar/YiiDebugViewRenderer.php(40): AdminController->renderInternal()
#8 /var/www/u3app/vendor/yiisoft/yii/framework/web/CBaseController.php(93): YiiDebugViewRenderer->renderFile()
#9 /var/www/u3app/vendor/yiisoft/yii/framework/web/CController.php(869): AdminController->renderFile()
#10 /var/www/u3app/vendor/yiisoft/yii/framework/web/CController.php(782): AdminController->renderPartial()
#11 /var/www/u3app/vendor/mishamx/yii-user/controllers/AdminController.php(92): AdminController->render()
#12 /var/www/u3app/vendor/yiisoft/yii/framework/web/actions/CInlineAction.php(49): AdminController->actionCreate()
#13 /var/www/u3app/vendor/yiisoft/yii/framework/web/CController.php(308): CInlineAction->runWithParams()
#14 /var/www/u3app/vendor/yiisoft/yii/framework/web/filters/CFilterChain.php(133): AdminController->runAction()
#15 /var/www/u3app/vendor/yiisoft/yii/framework/web/filters/CFilter.php(40): CFilterChain->run()
#16 /var/www/u3app/vendor/yiisoft/yii/framework/web/filters/CFilterChain.php(130): AuthFilter->filter()
#17 /var/www/u3app/vendor/yiisoft/yii/framework/web/CController.php(291): CFilterChain->run()
#18 /var/www/u3app/vendor/yiisoft/yii/framework/web/CController.php(265): AdminController->runActionWithFilters()
#19 /var/www/u3app/vendor/yiisoft/yii/framework/web/CWebApplication.php(285): AdminController->run()
#20 /var/www/u3app/vendor/yiisoft/yii/framework/web/CWebApplication.php(144): CWebApplication->runController()
#21 /var/www/u3app/vendor/yiisoft/yii/framework/base/CApplication.php(184): CWebApplication->processRequest()
#22 /var/www/u3app/web/index.php(25): CWebApplication->run()
REQUEST_URI=/user/admin/create
2014/05/11 10:05:13 [error] [php] call_user_func() expects parameter 1 to be a valid callback, array must have exactly two members (/var/www/u3app/vendor/yiisoft/yii/framework/web/helpers/CHtml.php:2340)
Stack trace:
#0 /var/www/u3app/web/themes/bootstrap/views/user/admin/_form.php(56): listData()
#1 /var/www/u3app/vendor/yiisoft/yii/framework/web/CBaseController.php(126): require()
#2 /var/www/u3app/vendor/malyshev/yii-debug-toolbar/YiiDebugViewRenderer.php(40): AdminController->renderInternal()
#3 /var/www/u3app/vendor/yiisoft/yii/framework/web/CBaseController.php(93): YiiDebugViewRenderer->renderFile()
#4 /var/www/u3app/vendor/yiisoft/yii/framework/web/CController.php(869): AdminController->renderFile()
#5 /var/www/u3app/web/themes/bootstrap/views/user/admin/create.php(16): AdminController->renderPartial()
#6 /var/www/u3app/vendor/yiisoft/yii/framework/web/CBaseController.php(126): require()
#7 /var/www/u3app/vendor/malyshev/yii-debug-toolbar/YiiDebugViewRenderer.php(40): AdminController->renderInternal()
#8 /var/www/u3app/vendor/yiisoft/yii/framework/web/CBaseController.php(93): YiiDebugViewRenderer->renderFile()
#9 /var/www/u3app/vendor/yiisoft/yii/framework/web/CController.php(869): AdminController->renderFile()
#10 /var/www/u3app/vendor/yiisoft/yii/framework/web/CController.php(782): AdminController->renderPartial()
#11 /var/www/u3app/vendor/mishamx/yii-user/controllers/AdminController.php(92): AdminController->render()
#12 /var/www/u3app/vendor/yiisoft/yii/framework/web/actions/CInlineAction.php(49): AdminController->actionCreate()
#13 /var/www/u3app/vendor/yiisoft/yii/framework/web/CController.php(308): CInlineAction->runWithParams()
#14 /var/www/u3app/vendor/yiisoft/yii/framework/web/filters/CFilterChain.php(133): AdminController->runAction()
#15 /var/www/u3app/vendor/yiisoft/yii/framework/web/filters/CFilter.php(40): CFilterChain->run()
#16 /var/www/u3app/vendor/yiisoft/yii/framework/web/filters/CFilterChain.php(130): AuthFilter->filter()
#17 /var/www/u3app/vendor/yiisoft/yii/framework/web/CController.php(291): CFilterChain->run()
#18 /var/www/u3app/vendor/yiisoft/yii/framework/web/CController.php(265): AdminController->runActionWithFilters()
#19 /var/www/u3app/vendor/yiisoft/yii/framework/web/CWebApplication.php(285): AdminController->run()
#20 /var/www/u3app/vendor/yiisoft/yii/framework/web/CWebApplication.php(144): CWebApplication->runController()
#21 /var/www/u3app/vendor/yiisoft/yii/framework/base/CApplication.php(184): CWebApplication->processRequest()
#22 /var/www/u3app/web/index.php(25): CWebApplication->run()
REQUEST_URI=/user/admin/create
2014/05/11 10:08:02 [error] [php] Array to string conversion (/var/www/u3app/web/themes/bootstrap/views/user/admin/_form.php:54)
Stack trace:
#0 /var/www/u3app/vendor/yiisoft/yii/framework/web/CBaseController.php(93): YiiDebugViewRenderer->renderFile()
#1 /var/www/u3app/vendor/yiisoft/yii/framework/web/CController.php(869): AdminController->renderFile()
#2 /var/www/u3app/web/themes/bootstrap/views/user/admin/create.php(16): AdminController->renderPartial()
#3 /var/www/u3app/vendor/yiisoft/yii/framework/web/CBaseController.php(126): require()
#4 /var/www/u3app/vendor/malyshev/yii-debug-toolbar/YiiDebugViewRenderer.php(40): AdminController->renderInternal()
#5 /var/www/u3app/vendor/yiisoft/yii/framework/web/CBaseController.php(93): YiiDebugViewRenderer->renderFile()
#6 /var/www/u3app/vendor/yiisoft/yii/framework/web/CController.php(869): AdminController->renderFile()
#7 /var/www/u3app/vendor/yiisoft/yii/framework/web/CController.php(782): AdminController->renderPartial()
#8 /var/www/u3app/vendor/mishamx/yii-user/controllers/AdminController.php(92): AdminController->render()
#9 /var/www/u3app/vendor/yiisoft/yii/framework/web/actions/CInlineAction.php(49): AdminController->actionCreate()
#10 /var/www/u3app/vendor/yiisoft/yii/framework/web/CController.php(308): CInlineAction->runWithParams()
#11 /var/www/u3app/vendor/yiisoft/yii/framework/web/filters/CFilterChain.php(133): AdminController->runAction()
#12 /var/www/u3app/vendor/yiisoft/yii/framework/web/filters/CFilter.php(40): CFilterChain->run()
#13 /var/www/u3app/vendor/yiisoft/yii/framework/web/filters/CFilterChain.php(130): AuthFilter->filter()
#14 /var/www/u3app/vendor/yiisoft/yii/framework/web/CController.php(291): CFilterChain->run()
#15 /var/www/u3app/vendor/yiisoft/yii/framework/web/CController.php(265): AdminController->runActionWithFilters()
#16 /var/www/u3app/vendor/yiisoft/yii/framework/web/CWebApplication.php(285): AdminController->run()
#17 /var/www/u3app/vendor/yiisoft/yii/framework/web/CWebApplication.php(144): CWebApplication->runController()
#18 /var/www/u3app/vendor/yiisoft/yii/framework/base/CApplication.php(184): CWebApplication->processRequest()
#19 /var/www/u3app/web/index.php(25): CWebApplication->run()
REQUEST_URI=/user/admin/create
2014/05/11 10:09:14 [error] [exception.CHttpException.404] exception 'CHttpException' with message 'Unable to resolve the request "favicon.ico".' in /var/www/u3app/vendor/yiisoft/yii/framework/web/CWebApplication.php:289
Stack trace:
#0 /var/www/u3app/vendor/yiisoft/yii/framework/web/CWebApplication.php(144): CWebApplication->runController('favicon.ico')
#1 /var/www/u3app/vendor/yiisoft/yii/framework/base/CApplication.php(184): CWebApplication->processRequest()
#2 /var/www/u3app/web/index.php(25): CApplication->run()
#3 {main}
REQUEST_URI=/favicon.ico
---
2014/05/11 10:11:23 [error] [exception.CHttpException.404] exception 'CHttpException' with message 'Unable to resolve the request "assets/7f8f2d4d/js/form.js".' in /var/www/u3app/vendor/yiisoft/yii/framework/web/CWebApplication.php:289
Stack trace:
#0 /var/www/u3app/vendor/yiisoft/yii/framework/web/CWebApplication.php(144): CWebApplication->runController('assets/7f8f2d4d...')
#1 /var/www/u3app/vendor/yiisoft/yii/framework/base/CApplication.php(184): CWebApplication->processRequest()
#2 /var/www/u3app/web/index.php(25): CApplication->run()
#3 {main}
REQUEST_URI=/assets/7f8f2d4d/js/form.js
HTTP_REFERER=http://u3app.com/user/profileField/update/id/7
---
2014/05/11 10:13:03 [error] [exception.CHttpException.404] exception 'CHttpException' with message 'Unable to resolve the request "assets/7f8f2d4d/js/form.js".' in /var/www/u3app/vendor/yiisoft/yii/framework/web/CWebApplication.php:289
Stack trace:
#0 /var/www/u3app/vendor/yiisoft/yii/framework/web/CWebApplication.php(144): CWebApplication->runController('assets/7f8f2d4d...')
#1 /var/www/u3app/vendor/yiisoft/yii/framework/base/CApplication.php(184): CWebApplication->processRequest()
#2 /var/www/u3app/web/index.php(25): CApplication->run()
#3 {main}
REQUEST_URI=/assets/7f8f2d4d/js/form.js
HTTP_REFERER=http://u3app.com/user/profileField/create
---
2014/05/11 10:18:21 [warning] [application] Failed to set unsafe attribute "activkey" of "User".
2014/05/11 10:18:21 [warning] [application] Failed to set unsafe attribute "parent_id" of "User".
2014/05/11 10:18:21 [warning] [application] Failed to set unsafe attribute "mail_notify" of "Profile".
2014/05/11 10:25:40 [error] [exception.CHttpException.404] exception 'CHttpException' with message 'Unable to resolve the request "img/loader.gif".' in /var/www/u3app/vendor/yiisoft/yii/framework/web/CWebApplication.php:289
Stack trace:
#0 /var/www/u3app/vendor/yiisoft/yii/framework/web/CWebApplication.php(144): CWebApplication->runController('img/loader.gif')
#1 /var/www/u3app/vendor/yiisoft/yii/framework/base/CApplication.php(184): CWebApplication->processRequest()
#2 /var/www/u3app/web/index.php(25): CApplication->run()
#3 {main}
REQUEST_URI=/img/loader.gif
HTTP_REFERER=http://u3app.com/user/profileField/admin
---
